JCL/build/outputs/logs/manifest-merger-debug-report.txt
-- Merging decision tree log ---
manifest
ADDED from src\main\AndroidManifest.xml:2:1-834:12
	package
		ADDED from src\main\AndroidManifest.xml:3:5-30
		INJECTED from src\main\AndroidManifest.xml
		INJECTED from src\main\AndroidManifest.xml
	android:versionName
		ADDED from src\main\AndroidManifest.xml:5:5-32
		INJECTED from src\main\AndroidManifest.xml
		INJECTED from src\main\AndroidManifest.xml
	android:versionCode
		ADDED from src\main\AndroidManifest.xml:4:5-30
		INJECTED from src\main\AndroidManifest.xml
		INJECTED from src\main\AndroidManifest.xml
	xmlns:android
		ADDED from src\main\AndroidManifest.xml:2:11-69
uses-sdk
ADDED from src\main\AndroidManifest.xml:6:5-8:41
MERGED from [com.android.support:support-v4:22.1.0] AndroidManifest.xml:20:5-43
	android:targetSdkVersion
		ADDED from src\main\AndroidManifest.xml:8:9-38
		INJECTED from src\main\AndroidManifest.xml
		INJECTED from src\main\AndroidManifest.xml
	android:minSdkVersion
		ADDED from src\main\AndroidManifest.xml:7:9-35
		INJECTED from src\main\AndroidManifest.xml
		INJECTED from src\main\AndroidManifest.xml
uses-permission#android.permission.RECEIVE_BOOT_COMPLETED
ADDED from src\main\AndroidManifest.xml:10:5-81
	android:name
		ADDED from src\main\AndroidManifest.xml:10:22-78
uses-permission#android.permission.VIBRATE
ADDED from src\main\AndroidManifest.xml:11:5-66
	android:name
		ADDED from src\main\AndroidManifest.xml:11:22-63
uses-permission#android.permission.ACCESS_DOWNLOAD_MANAGER
ADDED from src\main\AndroidManifest.xml:12:5-82
	android:name
		ADDED from src\main\AndroidManifest.xml:12:22-79
uses-permission#android.permission.DOWNLOAD_WITHOUT_NOTIFICATION
ADDED from src\main\AndroidManifest.xml:13:5-88
	android:name
		ADDED from src\main\AndroidManifest.xml:13:22-85
uses-permission#android.permission.DISABLE_KEYGUARD
ADDED from src\main\AndroidManifest.xml:14:5-75
	android:name
		ADDED from src\main\AndroidManifest.xml:14:22-72
uses-permission#android.permission.BAIDU_LOCATION_SERVICE
ADDED from src\main\AndroidManifest.xml:16:5-81
	android:name
		ADDED from src\main\AndroidManifest.xml:16:22-78
uses-permission#android.permission.RECORD_AUDIO
ADDED from src\main\AndroidManifest.xml:17:5-71
	android:name
		ADDED from src\main\AndroidManifest.xml:17:22-68
uses-permission#android.permission.ACCESS_MOCK_LOCATION
ADDED from src\main\AndroidManifest.xml:18:5-79
	android:name
		ADDED from src\main\AndroidManifest.xml:18:22-76
uses-permission#android.permission.WRITE_EXTERNAL_STORAGE
ADDED from src\main\AndroidManifest.xml:20:5-81
	android:name
		ADDED from src\main\AndroidManifest.xml:20:22-78
uses-permission#android.permission.CALL_PHONE
ADDED from src\main\AndroidManifest.xml:24:5-25:23
	android:name
		ADDED from src\main\AndroidManifest.xml:24:22-66
uses-permission#android.permission.ACCESS_COARSE_LOCATION
ADDED from src\main\AndroidManifest.xml:27:5-28:23
	android:name
		ADDED from src\main\AndroidManifest.xml:27:22-78
uses-permission#android.permission.ACCESS_FINE_LOCATION
ADDED from src\main\AndroidManifest.xml:30:5-31:23
	android:name
		ADDED from src\main\AndroidManifest.xml:30:22-76
uses-permission#android.permission.ACCESS_WIFI_STATE
ADDED from src\main\AndroidManifest.xml:33:5-34:23
	android:name
		ADDED from src\main\AndroidManifest.xml:33:22-73
uses-permission#android.permission.ACCESS_NETWORK_STATE
ADDED from src\main\AndroidManifest.xml:36:5-37:23
	android:name
		ADDED from src\main\AndroidManifest.xml:36:22-76
uses-permission#android.permission.CHANGE_WIFI_STATE
ADDED from src\main\AndroidManifest.xml:39:5-40:23
	android:name
		ADDED from src\main\AndroidManifest.xml:39:22-73
uses-permission#android.permission.READ_PHONE_STATE
ADDED from src\main\AndroidManifest.xml:42:5-43:23
	android:name
		ADDED from src\main\AndroidManifest.xml:42:22-72
uses-permission#android.permission.INTERNET
ADDED from src\main\AndroidManifest.xml:45:5-67
	android:name
		ADDED from src\main\AndroidManifest.xml:45:22-64
uses-permission#android.permission.MOUNT_UNMOUNT_FILESYSTEMS
ADDED from src\main\AndroidManifest.xml:47:5-48:23
	android:name
		ADDED from src\main\AndroidManifest.xml:47:22-81
uses-permission#android.permission.READ_LOGS
ADDED from src\main\AndroidManifest.xml:50:5-51:23
	android:name
		ADDED from src\main\AndroidManifest.xml:50:22-65
uses-permission#android.permission.GET_ACCOUNTS
ADDED from src\main\AndroidManifest.xml:52:5-71
	android:name
		ADDED from src\main\AndroidManifest.xml:52:22-68
uses-permission#android.permission.USE_CREDENTIALS
ADDED from src\main\AndroidManifest.xml:53:5-74
	android:name
		ADDED from src\main\AndroidManifest.xml:53:22-71
uses-permission#android.permission.MANAGE_ACCOUNTS
ADDED from src\main\AndroidManifest.xml:54:5-74
	android:name
		ADDED from src\main\AndroidManifest.xml:54:22-71
uses-permission#android.permission.AUTHENTICATE_ACCOUNTS
ADDED from src\main\AndroidManifest.xml:55:5-80
	android:name
		ADDED from src\main\AndroidManifest.xml:55:22-77
uses-permission#com.android.launcher.permission.READ_SETTINGS
ADDED from src\main\AndroidManifest.xml:56:5-85
	android:name
		ADDED from src\main\AndroidManifest.xml:56:22-82
uses-permission#android.permission.BROADCAST_STICKY
ADDED from src\main\AndroidManifest.xml:57:5-75
	android:name
		ADDED from src\main\AndroidManifest.xml:57:22-72
uses-permission#android.permission.WRITE_SETTINGS
ADDED from src\main\AndroidManifest.xml:58:5-73
	android:name
		ADDED from src\main\AndroidManifest.xml:58:22-70
uses-permission#android.permission.ACCESS_GPS
ADDED from src\main\AndroidManifest.xml:59:5-69
	android:name
		ADDED from src\main\AndroidManifest.xml:59:22-66
uses-permission#android.permission.GET_TASKS
ADDED from src\main\AndroidManifest.xml:61:5-68
	android:name
		ADDED from src\main\AndroidManifest.xml:61:22-65
uses-permission#android.permission.READ_CONTACTS
ADDED from src\main\AndroidManifest.xml:64:5-71
	android:name
		ADDED from src\main\AndroidManifest.xml:64:22-69
uses-permission#android.permission.CHANGE_CONFIGURATION
ADDED from src\main\AndroidManifest.xml:67:5-78
	android:name
		ADDED from src\main\AndroidManifest.xml:67:22-76
uses-permission#getui.permission.GetuiService.com.jcl.android
ADDED from src\main\AndroidManifest.xml:70:5-84
	android:name
		ADDED from src\main\AndroidManifest.xml:70:22-82
permission#getui.permission.GetuiService.com.jcl.android
ADDED from src\main\AndroidManifest.xml:72:5-74:43
	android:protectionLevel
		ADDED from src\main\AndroidManifest.xml:74:9-41
	android:name
		ADDED from src\main\AndroidManifest.xml:73:9-69
application
ADDED from src\main\AndroidManifest.xml:75:5-832:19
MERGED from [com.android.support:support-v4:22.1.0] AndroidManifest.xml:22:5-20
	android:label
		ADDED from src\main\AndroidManifest.xml:79:9-41
	android:allowBackup
		ADDED from src\main\AndroidManifest.xml:77:9-35
	android:icon
		ADDED from src\main\AndroidManifest.xml:78:9-45
	android:theme
		ADDED from src\main\AndroidManifest.xml:80:9-40
	android:name
		ADDED from src\main\AndroidManifest.xml:76:9-51
activity#com.jcl.android.activity.SplashActivity
ADDED from src\main\AndroidManifest.xml:81:9-89:20
	android:label
		ADDED from src\main\AndroidManifest.xml:83:13-45
	android:name
		ADDED from src\main\AndroidManifest.xml:82:13-52
intent-filter#android.intent.action.MAIN+android.intent.category.LAUNCHER
ADDED from src\main\AndroidManifest.xml:84:13-88:29
action#android.intent.action.MAIN
ADDED from src\main\AndroidManifest.xml:85:17-69
	android:name
		ADDED from src\main\AndroidManifest.xml:85:25-66
category#android.intent.category.LAUNCHER
ADDED from src\main\AndroidManifest.xml:87:17-77
	android:name
		ADDED from src\main\AndroidManifest.xml:87:27-74
service#com.jcl.android.service.UpdateService
ADDED from src\main\AndroidManifest.xml:90:9-66
	android:name
		ADDED from src\main\AndroidManifest.xml:90:18-55
activity#com.jcl.android.activity.HomeActivity
ADDED from src\main\AndroidManifest.xml:92:9-96:20
	android:screenOrientation
		ADDED from src\main\AndroidManifest.xml:95:13-49
	android:configChanges
		ADDED from src\main\AndroidManifest.xml:94:13-63
	android:name
		ADDED from src\main\AndroidManifest.xml:93:13-50
activity#com.jcl.android.activity.GuideActivity
ADDED from src\main\AndroidManifest.xml:98:9-102:20
	android:screenOrientation
		ADDED from src\main\AndroidManifest.xml:101:13-49
	android:configChanges
		ADDED from src\main\AndroidManifest.xml:100:13-63
	android:name
		ADDED from src\main\AndroidManifest.xml:99:13-51
activity#com.jcl.android.activity.RegisterActivity
ADDED from src\main\AndroidManifest.xml:104:9-108:20
	android:screenOrientation
		ADDED from src\main\AndroidManifest.xml:107:13-49
	android:configChanges
		ADDED from src\main\AndroidManifest.xml:106:13-63
	android:name
		ADDED from src\main\AndroidManifest.xml:105:13-54
activity#com.jcl.android.activity.LoginActivity
ADDED from src\main\AndroidManifest.xml:110:9-114:20
	android:screenOrientation
		ADDED from src\main\AndroidManifest.xml:113:13-49
	android:configChanges
		ADDED from src\main\AndroidManifest.xml:112:13-63
	android:name
		ADDED from src\main\AndroidManifest.xml:111:13-51
activity#com.jcl.android.activity.FindPasswordActivity
ADDED from src\main\AndroidManifest.xml:116:9-120:20
	android:screenOrientation
		ADDED from src\main\AndroidManifest.xml:119:13-49
	android:configChanges
		ADDED from src\main\AndroidManifest.xml:118:13-63
	android:name
		ADDED from src\main\AndroidManifest.xml:117:13-58
activity#com.jcl.android.activity.AuthenticationCompanyActivity
ADDED from src\main\AndroidManifest.xml:123:9-127:20
	android:screenOrientation
		ADDED from src\main\AndroidManifest.xml:126:13-49
	android:configChanges
		ADDED from src\main\AndroidManifest.xml:125:13-63
	android:name
		ADDED from src\main\AndroidManifest.xml:124:13-67
activity#com.jcl.android.activity.AuthenticationPersonalActivity
ADDED from src\main\AndroidManifest.xml:130:9-134:20
	android:screenOrientation
		ADDED from src\main\AndroidManifest.xml:133:13-49
	android:configChanges
		ADDED from src\main\AndroidManifest.xml:132:13-63
	android:name
		ADDED from src\main\AndroidManifest.xml:131:13-68
activity#com.jcl.android.activity.PersonalInfoActivity
ADDED from src\main\AndroidManifest.xml:136:9-140:20
	android:screenOrientation
		ADDED from src\main\AndroidManifest.xml:139:13-49
	android:configChanges
		ADDED from src\main\AndroidManifest.xml:138:13-63
	android:name
		ADDED from src\main\AndroidManifest.xml:137:13-58
activity#com.jcl.android.activity.GetPersonalInfoActivity
ADDED from src\main\AndroidManifest.xml:141:9-145:20
	android:screenOrientation
		ADDED from src\main\AndroidManifest.xml:144:13-49
	android:configChanges
		ADDED from src\main\AndroidManifest.xml:143:13-63
	android:name
		ADDED from src\main\AndroidManifest.xml:142:13-61
activity#com.jcl.android.activity.CompanyInfoActivity
ADDED from src\main\AndroidManifest.xml:147:9-151:20
	android:screenOrientation
		ADDED from src\main\AndroidManifest.xml:150:13-49
	android:configChanges
		ADDED from src\main\AndroidManifest.xml:149:13-63
	android:name
		ADDED from src\main\AndroidManifest.xml:148:13-57
activity#com.jcl.android.activity.GetCompanyInfoActivity
ADDED from src\main\AndroidManifest.xml:153:9-157:20
	android:screenOrientation
		ADDED from src\main\AndroidManifest.xml:156:13-49
	android:configChanges
		ADDED from src\main\AndroidManifest.xml:155:13-63
	android:name
		ADDED from src\main\AndroidManifest.xml:154:13-60
activity#com.jcl.android.activity.SelectPicActivity
ADDED from src\main\AndroidManifest.xml:159:9-164:20
	android:screenOrientation
		ADDED from src\main\AndroidManifest.xml:162:13-49
	android:configChanges
		ADDED from src\main\AndroidManifest.xml:161:13-63
	android:theme
		ADDED from src\main\AndroidManifest.xml:163:13-55
	android:name
		ADDED from src\main\AndroidManifest.xml:160:13-55
activity#com.jcl.android.activity.PublicGoodsActivity
ADDED from src\main\AndroidManifest.xml:167:9-172:20
	android:screenOrientation
		ADDED from src\main\AndroidManifest.xml:170:13-49
	android:windowSoftInputMode
		ADDED from src\main\AndroidManifest.xml:171:13-54
	android:configChanges
		ADDED from src\main\AndroidManifest.xml:169:13-63
	android:name
		ADDED from src\main\AndroidManifest.xml:168:13-57
activity#com.jcl.android.activity.MessageDetilActivity
ADDED from src\main\AndroidManifest.xml:175:9-180:20
	android:screenOrientation
		ADDED from src\main\AndroidManifest.xml:178:13-49
	android:windowSoftInputMode
		ADDED from src\main\AndroidManifest.xml:179:13-54
	android:configChanges
		ADDED from src\main\AndroidManifest.xml:177:13-63
	android:name
		ADDED from src\main\AndroidManifest.xml:176:13-58
activity#com.jcl.android.activity.QuickPublicGoodsActivity
ADDED from src\main\AndroidManifest.xml:183:9-188:20
	android:screenOrientation
		ADDED from src\main\AndroidManifest.xml:186:13-49
	android:windowSoftInputMode
		ADDED from src\main\AndroidManifest.xml:187:13-54
	android:configChanges
		ADDED from src\main\AndroidManifest.xml:185:13-63
	android:name
		ADDED from src\main\AndroidManifest.xml:184:13-62
activity#com.jcl.android.activity.PublishCarActivity
ADDED from src\main\AndroidManifest.xml:190:9-195:20
	android:screenOrientation
		ADDED from src\main\AndroidManifest.xml:193:13-49
	android:windowSoftInputMode
		ADDED from src\main\AndroidManifest.xml:194:13-54
	android:configChanges
		ADDED from src\main\AndroidManifest.xml:192:13-63
	android:name
		ADDED from src\main\AndroidManifest.xml:191:13-56
activity#com.jcl.android.activity.MyInviteActivity
ADDED from src\main\AndroidManifest.xml:198:9-203:20
	android:screenOrientation
		ADDED from src\main\AndroidManifest.xml:201:13-49
	android:windowSoftInputMode
		ADDED from src\main\AndroidManifest.xml:202:13-54
	android:configChanges
		ADDED from src\main\AndroidManifest.xml:200:13-63
	android:name
		ADDED from src\main\AndroidManifest.xml:199:13-54
activity#com.jcl.android.activity.CarManageActivity
ADDED from src\main\AndroidManifest.xml:205:9-209:20
	android:screenOrientation
		ADDED from src\main\AndroidManifest.xml:208:13-49
	android:configChanges
		ADDED from src\main\AndroidManifest.xml:207:13-63
	android:name
		ADDED from src\main\AndroidManifest.xml:206:13-55
activity#com.jcl.android.activity.AddCarActivity
ADDED from src\main\AndroidManifest.xml:212:9-216:20
	android:screenOrientation
		ADDED from src\main\AndroidManifest.xml:215:13-49
	android:configChanges
		ADDED from src\main\AndroidManifest.xml:214:13-63
	android:name
		ADDED from src\main\AndroidManifest.xml:213:13-52
activity#com.jcl.android.activity.PublicOtherActivity
ADDED from src\main\AndroidManifest.xml:218:9-223:20
	android:screenOrientation
		ADDED from src\main\AndroidManifest.xml:221:13-49
	android:windowSoftInputMode
		ADDED from src\main\AndroidManifest.xml:222:13-54
	android:configChanges
		ADDED from src\main\AndroidManifest.xml:220:13-63
	android:name
		ADDED from src\main\AndroidManifest.xml:219:13-57
activity#com.jcl.android.activity.SettingPublicOtherActivity
ADDED from src\main\AndroidManifest.xml:225:9-230:20
	android:screenOrientation
		ADDED from src\main\AndroidManifest.xml:228:13-49
	android:windowSoftInputMode
		ADDED from src\main\AndroidManifest.xml:229:13-54
	android:configChanges
		ADDED from src\main\AndroidManifest.xml:227:13-63
	android:name
		ADDED from src\main\AndroidManifest.xml:226:13-64
activity#com.jcl.android.activity.ZxingActivity
ADDED from src\main\AndroidManifest.xml:233:9-238:20
	android:screenOrientation
		ADDED from src\main\AndroidManifest.xml:236:13-49
	android:windowSoftInputMode
		ADDED from src\main\AndroidManifest.xml:237:13-54
	android:configChanges
		ADDED from src\main\AndroidManifest.xml:235:13-63
	android:name
		ADDED from src\main\AndroidManifest.xml:234:13-51
activity#com.jcl.android.activity.PublicZhuanxianActivity
ADDED from src\main\AndroidManifest.xml:241:9-246:20
	android:screenOrientation
		ADDED from src\main\AndroidManifest.xml:244:13-49
	android:windowSoftInputMode
		ADDED from src\main\AndroidManifest.xml:245:13-54
	android:configChanges
		ADDED from src\main\AndroidManifest.xml:243:13-63
	android:name
		ADDED from src\main\AndroidManifest.xml:242:13-61
activity#com.jcl.android.activity.FindGoodsActivity
ADDED from src\main\AndroidManifest.xml:248:9-253:20
	android:screenOrientation
		ADDED from src\main\AndroidManifest.xml:251:13-49
	android:windowSoftInputMode
		ADDED from src\main\AndroidManifest.xml:252:13-54
	android:configChanges
		ADDED from src\main\AndroidManifest.xml:250:13-63
	android:name
		ADDED from src\main\AndroidManifest.xml:249:13-55
activity#com.jcl.android.activity.FindStrorageActivity
ADDED from src\main\AndroidManifest.xml:255:9-260:20
	android:screenOrientation
		ADDED from src\main\AndroidManifest.xml:258:13-49
	android:windowSoftInputMode
		ADDED from src\main\AndroidManifest.xml:259:13-54
	android:configChanges
		ADDED from src\main\AndroidManifest.xml:257:13-63
	android:name
		ADDED from src\main\AndroidManifest.xml:256:13-58
activity#com.jcl.android.activity.FindLogisticsActivity
ADDED from src\main\AndroidManifest.xml:262:9-267:20
	android:screenOrientation
		ADDED from src\main\AndroidManifest.xml:265:13-49
	android:windowSoftInputMode
		ADDED from src\main\AndroidManifest.xml:266:13-54
	android:configChanges
		ADDED from src\main\AndroidManifest.xml:264:13-63
	android:name
		ADDED from src\main\AndroidManifest.xml:263:13-59
activity#com.jcl.android.activity.FindDistributionActivity
ADDED from src\main\AndroidManifest.xml:269:9-274:20
	android:screenOrientation
		ADDED from src\main\AndroidManifest.xml:272:13-49
	android:windowSoftInputMode
		ADDED from src\main\AndroidManifest.xml:273:13-54
	android:configChanges
		ADDED from src\main\AndroidManifest.xml:271:13-63
	android:name
		ADDED from src\main\AndroidManifest.xml:270:13-62
activity#com.jcl.android.activity.FindOthersActivity
ADDED from src\main\AndroidManifest.xml:276:9-281:20
	android:screenOrientation
		ADDED from src\main\AndroidManifest.xml:279:13-49
	android:windowSoftInputMode
		ADDED from src\main\AndroidManifest.xml:280:13-54
	android:configChanges
		ADDED from src\main\AndroidManifest.xml:278:13-63
	android:name
		ADDED from src\main\AndroidManifest.xml:277:13-56
activity#com.jcl.android.activity.FindKuaiXunActivity
ADDED from src\main\AndroidManifest.xml:284:9-289:20
	android:screenOrientation
		ADDED from src\main\AndroidManifest.xml:287:13-49
	android:windowSoftInputMode
		ADDED from src\main\AndroidManifest.xml:288:13-54
	android:configChanges
		ADDED from src\main\AndroidManifest.xml:286:13-63
	android:name
		ADDED from src\main\AndroidManifest.xml:285:13-57
activity#com.jcl.android.activity.FindEvalutesActivity
ADDED from src\main\AndroidManifest.xml:292:9-297:20
	android:screenOrientation
		ADDED from src\main\AndroidManifest.xml:295:13-49
	android:windowSoftInputMode
		ADDED from src\main\AndroidManifest.xml:296:13-54
	android:configChanges
		ADDED from src\main\AndroidManifest.xml:294:13-63
	android:name
		ADDED from src\main\AndroidManifest.xml:293:13-58
activity#com.jcl.android.activity.HelpActivity
ADDED from src\main\AndroidManifest.xml:299:9-304:20
	android:screenOrientation
		ADDED from src\main\AndroidManifest.xml:302:13-49
	android:windowSoftInputMode
		ADDED from src\main\AndroidManifest.xml:303:13-54
	android:configChanges
		ADDED from src\main\AndroidManifest.xml:301:13-63
	android:name
		ADDED from src\main\AndroidManifest.xml:300:13-50
activity#com.jcl.android.activity.PointActivity
ADDED from src\main\AndroidManifest.xml:307:9-312:20
	android:screenOrientation
		ADDED from src\main\AndroidManifest.xml:310:13-49
	android:windowSoftInputMode
		ADDED from src\main\AndroidManifest.xml:311:13-54
	android:configChanges
		ADDED from src\main\AndroidManifest.xml:309:13-63
	android:name
		ADDED from src\main\AndroidManifest.xml:308:13-51
activity#com.jcl.android.activity.SecureActivity
ADDED from src\main\AndroidManifest.xml:315:9-320:20
	android:screenOrientation
		ADDED from src\main\AndroidManifest.xml:318:13-49
	android:windowSoftInputMode
		ADDED from src\main\AndroidManifest.xml:319:13-54
	android:configChanges
		ADDED from src\main\AndroidManifest.xml:317:13-63
	android:name
		ADDED from src\main\AndroidManifest.xml:316:13-52
activity#com.jcl.android.activity.AdviceActivity
ADDED from src\main\AndroidManifest.xml:323:9-328:20
	android:screenOrientation
		ADDED from src\main\AndroidManifest.xml:326:13-49
	android:windowSoftInputMode
		ADDED from src\main\AndroidManifest.xml:327:13-54
	android:configChanges
		ADDED from src\main\AndroidManifest.xml:325:13-63
	android:name
		ADDED from src\main\AndroidManifest.xml:324:13-52
activity#com.jcl.android.activity.GetLatLotActivity
ADDED from src\main\AndroidManifest.xml:330:9-335:20
	android:screenOrientation
		ADDED from src\main\AndroidManifest.xml:333:13-49
	android:windowSoftInputMode
		ADDED from src\main\AndroidManifest.xml:334:13-54
	android:configChanges
		ADDED from src\main\AndroidManifest.xml:332:13-63
	android:name
		ADDED from src\main\AndroidManifest.xml:331:13-55
activity#com.jcl.android.activity.FindCarsActivity
ADDED from src\main\AndroidManifest.xml:337:9-342:20
	android:screenOrientation
		ADDED from src\main\AndroidManifest.xml:340:13-49
	android:windowSoftInputMode
		ADDED from src\main\AndroidManifest.xml:341:13-54
	android:configChanges
		ADDED from src\main\AndroidManifest.xml:339:13-63
	android:name
		ADDED from src\main\AndroidManifest.xml:338:13-54
activity#com.jcl.android.activity.DetailFindActivity
ADDED from src\main\AndroidManifest.xml:344:9-349:20
	android:screenOrientation
		ADDED from src\main\AndroidManifest.xml:347:13-49
	android:windowSoftInputMode
		ADDED from src\main\AndroidManifest.xml:348:13-52
	android:configChanges
		ADDED from src\main\AndroidManifest.xml:346:13-63
	android:name
		ADDED from src\main\AndroidManifest.xml:345:13-56
activity#com.jcl.android.activity.SettingPublicActivity
ADDED from src\main\AndroidManifest.xml:351:9-357:20
	android:screenOrientation
		ADDED from src\main\AndroidManifest.xml:355:13-49
	android:hardwareAccelerated
		ADDED from src\main\AndroidManifest.xml:354:13-48
	android:windowSoftInputMode
		ADDED from src\main\AndroidManifest.xml:356:13-54
	android:configChanges
		ADDED from src\main\AndroidManifest.xml:353:13-63
	android:name
		ADDED from src\main\AndroidManifest.xml:352:13-59
activity#com.jcl.android.activity.SettingPublicGoodsActivity
ADDED from src\main\AndroidManifest.xml:359:9-364:20
	android:screenOrientation
		ADDED from src\main\AndroidManifest.xml:362:13-49
	android:windowSoftInputMode
		ADDED from src\main\AndroidManifest.xml:363:13-54
	android:configChanges
		ADDED from src\main\AndroidManifest.xml:361:13-63
	android:name
		ADDED from src\main\AndroidManifest.xml:360:13-64
activity#com.jcl.android.activity.SettingQuickPublicGoodsActivity
ADDED from src\main\AndroidManifest.xml:366:9-371:20
	android:screenOrientation
		ADDED from src\main\AndroidManifest.xml:369:13-49
	android:windowSoftInputMode
		ADDED from src\main\AndroidManifest.xml:370:13-54
	android:configChanges
		ADDED from src\main\AndroidManifest.xml:368:13-63
	android:name
		ADDED from src\main\AndroidManifest.xml:367:13-69
activity#com.jcl.android.activity.SettingPublicCarsActivity
ADDED from src\main\AndroidManifest.xml:373:9-378:20
	android:screenOrientation
		ADDED from src\main\AndroidManifest.xml:376:13-49
	android:windowSoftInputMode
		ADDED from src\main\AndroidManifest.xml:377:13-54
	android:configChanges
		ADDED from src\main\AndroidManifest.xml:375:13-63
	android:name
		ADDED from src\main\AndroidManifest.xml:374:13-63
activity#com.jcl.android.activity.SettingPublicZhuanxianActivity
ADDED from src\main\AndroidManifest.xml:381:9-386:20
	android:screenOrientation
		ADDED from src\main\AndroidManifest.xml:384:13-49
	android:windowSoftInputMode
		ADDED from src\main\AndroidManifest.xml:385:13-54
	android:configChanges
		ADDED from src\main\AndroidManifest.xml:383:13-63
	android:name
		ADDED from src\main\AndroidManifest.xml:382:13-68
activity#com.jcl.android.push.SpeechPushInfoActivity
ADDED from src\main\AndroidManifest.xml:389:9-396:20
	android:screenOrientation
		ADDED from src\main\AndroidManifest.xml:392:13-49
	android:launchMode
		ADDED from src\main\AndroidManifest.xml:395:13-44
	android:windowSoftInputMode
		ADDED from src\main\AndroidManifest.xml:394:13-54
	android:configChanges
		ADDED from src\main\AndroidManifest.xml:391:13-63
	android:theme
		ADDED from src\main\AndroidManifest.xml:393:13-60
	android:name
		ADDED from src\main\AndroidManifest.xml:390:13-56
activity#com.jcl.android.activity.GoodsManageActivity
ADDED from src\main\AndroidManifest.xml:399:9-403:20
	android:screenOrientation
		ADDED from src\main\AndroidManifest.xml:402:13-49
	android:configChanges
		ADDED from src\main\AndroidManifest.xml:401:13-63
	android:name
		ADDED from src\main\AndroidManifest.xml:400:13-57
activity#com.jcl.android.activity.AddGoodsActivity
ADDED from src\main\AndroidManifest.xml:405:9-409:20
	android:screenOrientation
		ADDED from src\main\AndroidManifest.xml:408:13-49
	android:configChanges
		ADDED from src\main\AndroidManifest.xml:407:13-63
	android:name
		ADDED from src\main\AndroidManifest.xml:406:13-54
activity#com.jcl.android.activity.ModifyPasswordActivity
ADDED from src\main\AndroidManifest.xml:411:9-415:20
	android:screenOrientation
		ADDED from src\main\AndroidManifest.xml:414:13-49
	android:configChanges
		ADDED from src\main\AndroidManifest.xml:413:13-63
	android:name
		ADDED from src\main\AndroidManifest.xml:412:13-60
activity#com.jcl.android.activity.MyCollectActivity
ADDED from src\main\AndroidManifest.xml:417:9-421:20
	android:screenOrientation
		ADDED from src\main\AndroidManifest.xml:420:13-49
	android:configChanges
		ADDED from src\main\AndroidManifest.xml:419:13-63
	android:name
		ADDED from src\main\AndroidManifest.xml:418:13-55
activity#com.jcl.android.activity.CollectChildActivity
ADDED from src\main\AndroidManifest.xml:423:9-427:20
	android:screenOrientation
		ADDED from src\main\AndroidManifest.xml:426:13-49
	android:configChanges
		ADDED from src\main\AndroidManifest.xml:425:13-63
	android:name
		ADDED from src\main\AndroidManifest.xml:424:13-58
activity#com.jcl.android.activity.SettingLogisticsCircleActivity
ADDED from src\main\AndroidManifest.xml:429:9-433:20
	android:screenOrientation
		ADDED from src\main\AndroidManifest.xml:432:13-49
	android:configChanges
		ADDED from src\main\AndroidManifest.xml:431:13-63
	android:name
		ADDED from src\main\AndroidManifest.xml:430:13-68
activity#com.jcl.android.activity.MyLogisticCircleActivity
ADDED from src\main\AndroidManifest.xml:435:9-439:20
	android:screenOrientation
		ADDED from src\main\AndroidManifest.xml:438:13-49
	android:configChanges
		ADDED from src\main\AndroidManifest.xml:437:13-63
	android:name
		ADDED from src\main\AndroidManifest.xml:436:13-62
activity#com.jcl.android.activity.SettingOrderActivity
ADDED from src\main\AndroidManifest.xml:441:9-445:20
	android:screenOrientation
		ADDED from src\main\AndroidManifest.xml:444:13-49
	android:configChanges
		ADDED from src\main\AndroidManifest.xml:443:13-63
	android:name
		ADDED from src\main\AndroidManifest.xml:442:13-58
activity#com.jcl.android.activity.SettingGoodsOrderActivity
ADDED from src\main\AndroidManifest.xml:447:9-451:20
	android:screenOrientation
		ADDED from src\main\AndroidManifest.xml:450:13-49
	android:configChanges
		ADDED from src\main\AndroidManifest.xml:449:13-63
	android:name
		ADDED from src\main\AndroidManifest.xml:448:13-63
activity#com.jcl.android.activity.SettingCarsOrderActivity
ADDED from src\main\AndroidManifest.xml:453:9-457:20
	android:screenOrientation
		ADDED from src\main\AndroidManifest.xml:456:13-49
	android:configChanges
		ADDED from src\main\AndroidManifest.xml:455:13-63
	android:name
		ADDED from src\main\AndroidManifest.xml:454:13-62
activity#com.jcl.android.activity.SettingActivity
ADDED from src\main\AndroidManifest.xml:459:9-463:20
	android:screenOrientation
		ADDED from src\main\AndroidManifest.xml:462:13-49
	android:configChanges
		ADDED from src\main\AndroidManifest.xml:461:13-63
	android:name
		ADDED from src\main\AndroidManifest.xml:460:13-53
activity#com.jcl.android.activity.ToolsActivity
ADDED from src\main\AndroidManifest.xml:466:9-470:20
	android:screenOrientation
		ADDED from src\main\AndroidManifest.xml:469:13-49
	android:configChanges
		ADDED from src\main\AndroidManifest.xml:468:13-63
	android:name
		ADDED from src\main\AndroidManifest.xml:467:13-51
activity#com.jcl.android.activity.ToolBoxActivity
ADDED from src\main\AndroidManifest.xml:473:9-477:20
	android:screenOrientation
		ADDED from src\main\AndroidManifest.xml:476:13-49
	android:configChanges
		ADDED from src\main\AndroidManifest.xml:475:13-63
	android:name
		ADDED from src\main\AndroidManifest.xml:474:13-53
activity#com.jcl.android.activity.DaiShouActivity
ADDED from src\main\AndroidManifest.xml:480:9-484:20
	android:screenOrientation
		ADDED from src\main\AndroidManifest.xml:483:13-49
	android:configChanges
		ADDED from src\main\AndroidManifest.xml:482:13-63
	android:name
		ADDED from src\main\AndroidManifest.xml:481:13-53
activity#com.jcl.android.activity.ToolCarSizeActivity
ADDED from src\main\AndroidManifest.xml:487:9-491:20
	android:screenOrientation
		ADDED from src\main\AndroidManifest.xml:490:13-49
	android:configChanges
		ADDED from src\main\AndroidManifest.xml:489:13-63
	android:name
		ADDED from src\main\AndroidManifest.xml:488:13-57
activity#com.jcl.android.activity.UserServiceActivity
ADDED from src\main\AndroidManifest.xml:494:9-498:20
	android:screenOrientation
		ADDED from src\main\AndroidManifest.xml:497:13-49
	android:configChanges
		ADDED from src\main\AndroidManifest.xml:496:13-63
	android:name
		ADDED from src\main\AndroidManifest.xml:495:13-57
activity#com.jcl.android.activity.BlogActivity
ADDED from src\main\AndroidManifest.xml:500:9-504:20
	android:screenOrientation
		ADDED from src\main\AndroidManifest.xml:503:13-49
	android:configChanges